0 info it worked if it ends with ok
1 verbose cli [ 'node', '/usr/local/bin/npm', 'install', '-g', 'project-name' ]
2 info using npm@1.2.18
3 info using node@v0.10.6
4 verbose read json /usr/local/lib/package.json
5 verbose read json /usr/local/lib/package.json
6 verbose cache add [ 'project-name', null ]
7 verbose cache add name=undefined spec="project-name" args=["project-name",null]
8 verbose parsed url { protocol: null,
8 verbose parsed url   slashes: null,
8 verbose parsed url   auth: null,
8 verbose parsed url   host: null,
8 verbose parsed url   port: null,
8 verbose parsed url   hostname: null,
8 verbose parsed url   hash: null,
8 verbose parsed url   search: null,
8 verbose parsed url   query: null,
8 verbose parsed url   pathname: 'project-name',
8 verbose parsed url   path: 'project-name',
8 verbose parsed url   href: 'project-name' }
9 silly lockFile 656a9b64-project-name project-name
10 verbose lock project-name /Users/test/.npm/656a9b64-project-name.lock
11 silly lockFile 656a9b64-project-name project-name
12 silly lockFile 656a9b64-project-name project-name
13 verbose addNamed [ 'project-name', '' ]
14 verbose addNamed [ null, '' ]
15 silly lockFile c2df4f79-project-name project-name@
16 verbose lock project-name@ /Users/test/.npm/c2df4f79-project-name.lock
17 silly addNameRange { name: 'project-name', range: '', hasData: false }
18 verbose url raw project-name
19 verbose url resolving [ 'https://registry.npmjs.org/', './project-name' ]
20 verbose url resolved https://registry.npmjs.org/project-name
21 info trying registry request attempt 1 at 11:17:17
22 http GET https://registry.npmjs.org/project-name
23 http 404 https://registry.npmjs.org/project-name
24 silly registry.get cb [ 404,
24 silly registry.get   { server: 'CouchDB/1.3.0 (Erlang OTP/R15B03)',
24 silly registry.get     date: 'Thu, 13 Jun 2013 05:47:01 GMT',
24 silly registry.get     'content-type': 'application/json',
24 silly registry.get     'content-length': '52',
24 silly registry.get     'cache-control': 'must-revalidate' } ]
25 silly lockFile c2df4f79-project-name project-name@
26 silly lockFile c2df4f79-project-name project-name@
27 error 404 'project-name' is not in the npm registry.
27 error 404 You should bug the author to publish it
27 error 404
27 error 404 Note that you can also install from a
27 error 404 tarball, folder, or http url, or git url.
28 error System Darwin 12.3.0
29 error command "node" "/usr/local/bin/npm" "install" "-g" "project-name"
30 error cwd /Users/test/Project/noolCS/source/examples/machineExample
31 error node -v v0.10.6
32 error npm -v 1.2.18
33 error code E404
34 verbose exit [ 1, true ]
